Using pre-set license
Built from '2020.3/staging' branch; Version is '2020.3.13f1 (71691879b7f5) revision 7432472'; Using compiler version '192528614'; Build Type 'Release'
OS: 'Windows 10 Home; OS build 19042.1110; Version 2009; 64bit' Language: 'ja' Physical Memory: 32681 MB
BatchMode: 1, IsHumanControllingUs: 0, StartBugReporterOnCrash: 0, Is64bit: 1, IsPro: 0

 COMMAND LINE ARGUMENTS:
C:\Program Files\2020.3.13f1\Editor\Unity.exe
-adb2
-batchMode
-noUpm
-name
AssetImportWorker0
-projectPath
D:/Unity/GoForwardUnityChan
-logFile
Logs/AssetImportWorker0.log
-srvPort
55721
Successfully changed project path to: D:/Unity/GoForwardUnityChan
D:/Unity/GoForwardUnityChan
Using Asset Import Pipeline V2.
Refreshing native plugins compatible for Editor in 35.56 ms, found 3 plugins.
Preloading 0 native plugins for Editor in 0.00 ms.
Initialize engine version: 2020.3.13f1 (71691879b7f5)
[Subsystems] Discovering subsystems at path C:/Program Files/2020.3.13f1/Editor/Data/Resources/UnitySubsystems
[Subsystems] Discovering subsystems at path D:/Unity/GoForwardUnityChan/Assets
GfxDevice: creating device client; threaded=0
Direct3D:
    Version:  Direct3D 11.0 [level 11.1]
    Renderer: NVIDIA GeForce GTX 1650 (ID=0x1f82)
    Vendor:   
    VRAM:     3962 MB
    Driver:   27.21.14.5751
Initialize mono
Mono path[0] = 'C:/Program Files/2020.3.13f1/Editor/Data/Managed'
Mono path[1] = 'C:/Program Files/2020.3.13f1/Editor/Data/MonoBleedingEdge/lib/mono/unityjit'
Mono config path = 'C:/Program Files/2020.3.13f1/Editor/Data/MonoBleedingEdge/etc'
Using monoOptions --debugger-agent=transport=dt_socket,embedding=1,server=y,suspend=n,address=127.0.0.1:56676
Begin MonoManager ReloadAssembly
Registering precompiled unity dll's ...
Register platform support module: C:/Program Files/2020.3.13f1/Editor/Data/PlaybackEngines/WebGLSupport/UnityEditor.WebGL.Extensions.dll
Register platform support module: C:/Program Files/2020.3.13f1/Editor/Data/PlaybackEngines/WindowsStandaloneSupport/UnityEditor.WindowsStandalone.Extensions.dll
Registered in 0.002135 seconds.
Native extension for WindowsStandalone target not found
Native extension for WebGL target not found
Refreshing native plugins compatible for Editor in 33.19 ms, found 3 plugins.
Preloading 0 native plugins for Editor in 0.00 ms.
Mono: successfully reloaded assembly
- Completed reload, in  1.613 seconds
Platform modules already initialized, skipping
Registering precompiled user dll's ...
Registered in 0.002527 seconds.
Begin MonoManager ReloadAssembly
Native extension for WindowsStandalone target not found
Native extension for WebGL target not found
Refreshing native plugins compatible for Editor in 34.67 ms, found 3 plugins.
Preloading 0 native plugins for Editor in 0.00 ms.
Mono: successfully reloaded assembly
- Completed reload, in  0.881 seconds
Platform modules already initialized, skipping
========================================================================
Worker process is ready to serve import requests
Launched and connected shader compiler UnityShaderCompiler.exe after 0.04 seconds
Refreshing native plugins compatible for Editor in 0.42 ms, found 3 plugins.
Preloading 0 native plugins for Editor in 0.00 ms.
Unloading 2085 Unused Serialized files (Serialized files now loaded: 0)
System memory in use before: 92.9 MB.
System memory in use after: 92.9 MB.

Unloading 33 unused Assets to reduce memory usage. Loaded Objects now: 2517.
Total: 1.963500 ms (FindLiveObjects: 0.192400 ms CreateObjectMapping: 0.047300 ms MarkObjects: 1.615800 ms  DeleteObjects: 0.107100 ms)

AssetImportParameters requested are different than current active one (requested -> active):
  custom:framework-win-MediaFoundation: 216162199b28c13a410421893ffa2e32 -> 
  custom:video-decoder-ogg-theora: a1e56fd34408186e4bbccfd4996cb3dc -> 
  custom:container-muxer-webm: aa71ff27fc2769a1b78a27578f13a17b -> 
  custom:container-demuxer-webm: 4f35f7cbe854078d1ac9338744f61a02 -> 
  custom:container-demuxer-ogg: 62fdf1f143b41e24485cea50d1cbac27 -> 
  custom:video-encoder-webm-vp8: eb34c28f22e8b96e1ab97ce403110664 -> 
  custom:video-codec-MediaFoundation-h265: 746d11721c4dcdbdad8f713fa42b33f4 -> 
  custom:video-decoder-webm-vp8: 9c59270c3fd7afecdb556c50c9e8de78 -> 
  custom:audio-decoder-ogg-vorbis: bf7c407c2cedff20999df2af8eb42d56 -> 
  custom:audio-encoder-webm-vorbis: bf7c407c2cedff20999df2af8eb42d56 -> 
========================================================================
Received Import Request.
  path: Assets/bgm.wav
  artifactKey: Guid(cb4103cfca5d7c048baae0b840a7af92) Importer(815301076,1909f56bfc062723c751e8b465ee728b)
Start importing Assets/bgm.wav using Guid(cb4103cfca5d7c048baae0b840a7af92) Importer(815301076,1909f56bfc062723c751e8b465ee728b)  -> (artifact id: '1d5c557615b7ea7e9842e0f4d4da0869') in 0.082610 seconds 
  Import took 0.085745 seconds .

========================================================================
Received Import Request.
  Time since last request: 0.000309 seconds.
  path: Assets/block.wav
  artifactKey: Guid(3c33d71a27fcce84b8651f857ff7e5ab) Importer(815301076,1909f56bfc062723c751e8b465ee728b)
Start importing Assets/block.wav using Guid(3c33d71a27fcce84b8651f857ff7e5ab) Importer(815301076,1909f56bfc062723c751e8b465ee728b)  -> (artifact id: 'e187118175577fedd0bf678320883185') in 0.005659 seconds 
  Import took 0.008139 seconds .

========================================================================
Received Import Request.
  Time since last request: 0.000258 seconds.
  path: Assets/foot.wav
  artifactKey: Guid(e02f18cd1a9fbee4c85a075f96084aa1) Importer(815301076,1909f56bfc062723c751e8b465ee728b)
Start importing Assets/foot.wav using Guid(e02f18cd1a9fbee4c85a075f96084aa1) Importer(815301076,1909f56bfc062723c751e8b465ee728b)  -> (artifact id: 'dfd29c262b452c5255496d95ae13d17a') in 0.005228 seconds 
  Import took 0.007551 seconds .

========================================================================
Received Import Request.
  Time since last request: 0.000281 seconds.
  path: Assets/ground.png
  artifactKey: Guid(9961211dad15c0341ab469a865251c52) Importer(815301076,1909f56bfc062723c751e8b465ee728b)
Start importing Assets/ground.png using Guid(9961211dad15c0341ab469a865251c52) Importer(815301076,1909f56bfc062723c751e8b465ee728b)  -> (artifact id: '1e862ed7cc56701305f26a098b9ee172') in 0.028484 seconds 
  Import took 0.030935 seconds .

========================================================================
Received Import Request.
  Time since last request: 36.241631 seconds.
  path: Assets/UnityChan2D/Sprites
  artifactKey: Guid(7f06c6e2c5a542e47843e592efd83b33) Importer(815301076,1909f56bfc062723c751e8b465ee728b)
Start importing Assets/UnityChan2D/Sprites using Guid(7f06c6e2c5a542e47843e592efd83b33) Importer(815301076,1909f56bfc062723c751e8b465ee728b)  -> (artifact id: '4133a933208ae62034c3d27ad2f65da3') in 0.001715 seconds 
  Import took 0.004418 seconds .

========================================================================
Received Import Request.
  Time since last request: 0.006777 seconds.
  path: Assets/UnityChan2D/Sprites
  artifactKey: Guid(7f06c6e2c5a542e47843e592efd83b33) Importer(815301076,1909f56bfc062723c751e8b465ee728b)
Start importing Assets/UnityChan2D/Sprites using Guid(7f06c6e2c5a542e47843e592efd83b33) Importer(815301076,1909f56bfc062723c751e8b465ee728b)  -> (artifact id: '4133a933208ae62034c3d27ad2f65da3') in 0.001480 seconds 
  Import took 0.003974 seconds .

========================================================================
Received Import Request.
  Time since last request: 5.299569 seconds.
  path: Assets/UnityChan2D/Sprites/BG_01.png
  artifactKey: Guid(1200c759395d04432a13311589c27192) Importer(815301076,1909f56bfc062723c751e8b465ee728b)
Start importing Assets/UnityChan2D/Sprites/BG_01.png using Guid(1200c759395d04432a13311589c27192) Importer(815301076,1909f56bfc062723c751e8b465ee728b)  -> (artifact id: '460bba086ab3cd2efa25c1e1c3bb6651') in 0.008699 seconds 
  Import took 0.011684 seconds .

========================================================================
Received Import Request.
  Time since last request: 0.000412 seconds.
  path: Assets/UnityChan2D/Sprites/UnityChan.png
  artifactKey: Guid(37426dfe5cfb14626a6e1c60f8d927eb) Importer(815301076,1909f56bfc062723c751e8b465ee728b)
Start importing Assets/UnityChan2D/Sprites/UnityChan.png using Guid(37426dfe5cfb14626a6e1c60f8d927eb) Importer(815301076,1909f56bfc062723c751e8b465ee728b)  -> (artifact id: 'ae21a8d00884c1dbd3ad4f3b27baf066') in 0.049660 seconds 
  Import took 0.052419 seconds .

========================================================================
Received Import Request.
  Time since last request: 0.000305 seconds.
  path: Assets/UnityChan2D/Sprites/Block.png
  artifactKey: Guid(94d63e1a3278641a1b6602137680534f) Importer(815301076,1909f56bfc062723c751e8b465ee728b)
Start importing Assets/UnityChan2D/Sprites/Block.png using Guid(94d63e1a3278641a1b6602137680534f) Importer(815301076,1909f56bfc062723c751e8b465ee728b)  -> (artifact id: 'dd02a5db54fbe91d8e64b38f63172f6b') in 0.027194 seconds 
  Import took 0.029546 seconds .

========================================================================
Received Import Request.
  Time since last request: 0.000307 seconds.
  path: Assets/UnityChan2D/Sprites/BG_02.png
  artifactKey: Guid(312afb301ae5c47ea9d98652fa14c716) Importer(815301076,1909f56bfc062723c751e8b465ee728b)
Start importing Assets/UnityChan2D/Sprites/BG_02.png using Guid(312afb301ae5c47ea9d98652fa14c716) Importer(815301076,1909f56bfc062723c751e8b465ee728b)  -> (artifact id: '604c2ab8b209c1495c6e89f61fcc7133') in 0.010070 seconds 
  Import took 0.012568 seconds .

========================================================================
Received Import Request.
  Time since last request: 148.741435 seconds.
  path: Assets/UnityChan2D/Prefabs
  artifactKey: Guid(5f945e4347869834594635d8d15384d5) Importer(815301076,1909f56bfc062723c751e8b465ee728b)
Start importing Assets/UnityChan2D/Prefabs using Guid(5f945e4347869834594635d8d15384d5) Importer(815301076,1909f56bfc062723c751e8b465ee728b)  -> (artifact id: '3e564cea620c4f7b2e9b4a06e5b562a1') in 0.001739 seconds 
  Import took 0.004779 seconds .

========================================================================
Received Import Request.
  Time since last request: 0.000701 seconds.
  path: Assets/UnityChan2D/Prefabs
  artifactKey: Guid(5f945e4347869834594635d8d15384d5) Importer(815301076,1909f56bfc062723c751e8b465ee728b)
Start importing Assets/UnityChan2D/Prefabs using Guid(5f945e4347869834594635d8d15384d5) Importer(815301076,1909f56bfc062723c751e8b465ee728b)  -> (artifact id: '3e564cea620c4f7b2e9b4a06e5b562a1') in 0.001398 seconds 
  Import took 0.003361 seconds .

========================================================================
Received Import Request.
  Time since last request: 0.076981 seconds.
  path: Assets/UnityChan2D/Prefabs/UnityChan2D.prefab
  artifactKey: Guid(1355a58c3bd9c40679bea54b926e0179) Importer(815301076,1909f56bfc062723c751e8b465ee728b)
Start importing Assets/UnityChan2D/Prefabs/UnityChan2D.prefab using Guid(1355a58c3bd9c40679bea54b926e0179) Importer(815301076,1909f56bfc062723c751e8b465ee728b)  -> (artifact id: '651a67ebd45f14901148b78c6b2d1257') in 0.021145 seconds 
  Import took 0.024235 seconds .

========================================================================
Received Import Request.
  Time since last request: 222.013878 seconds.
  path: Assets
  artifactKey: Guid(00000000000000001000000000000000) Importer(815301076,1909f56bfc062723c751e8b465ee728b)
Start importing Assets using Guid(00000000000000001000000000000000) Importer(815301076,1909f56bfc062723c751e8b465ee728b)  -> (artifact id: '42d402b061de3733987d63b9cc3b64de') in 0.001642 seconds 
  Import took 0.004341 seconds .

========================================================================
Received Import Request.
  Time since last request: 15.405166 seconds.
  path: Assets/UnityChanController.cs
  artifactKey: Guid(8656ceb4a9bb5a6408d01c6366573cb8) Importer(815301076,1909f56bfc062723c751e8b465ee728b)
Start importing Assets/UnityChanController.cs using Guid(8656ceb4a9bb5a6408d01c6366573cb8) Importer(815301076,1909f56bfc062723c751e8b465ee728b)  -> (artifact id: '535915a41c9b40e60a1a6176ab782db1') in 0.003575 seconds 
  Import took 0.006557 seconds .

========================================================================
Received Prepare
Registering precompiled user dll's ...
Registered in 0.002063 seconds.
Begin MonoManager ReloadAssembly
Native extension for WindowsStandalone target not found
Native extension for WebGL target not found
Refreshing native plugins compatible for Editor in 0.43 ms, found 3 plugins.
Preloading 0 native plugins for Editor in 0.00 ms.
Mono: successfully reloaded assembly
- Completed reload, in  0.798 seconds
Platform modules already initialized, skipping
Switching build target platform(19) subTarget(0) extendedPlatform(0) -> platform(9) subTarget(16777218) extendedPlatform(0)
Refreshing native plugins compatible for Editor in 0.45 ms, found 3 plugins.
Preloading 0 native plugins for Editor in 0.00 ms.
Unloading 2084 Unused Serialized files (Serialized files now loaded: 0)
System memory in use before: 96.0 MB.
System memory in use after: 96.0 MB.

Unloading 21 unused Assets to reduce memory usage. Loaded Objects now: 2543.
Total: 2.081400 ms (FindLiveObjects: 0.214200 ms CreateObjectMapping: 0.045400 ms MarkObjects: 1.685200 ms  DeleteObjects: 0.135500 ms)

AssetImportParameters requested are different than current active one (requested -> active):
  custom:framework-win-MediaFoundation: 216162199b28c13a410421893ffa2e32 -> 
  custom:video-decoder-ogg-theora: a1e56fd34408186e4bbccfd4996cb3dc -> 
  custom:container-muxer-webm: aa71ff27fc2769a1b78a27578f13a17b -> 
  custom:container-demuxer-webm: 4f35f7cbe854078d1ac9338744f61a02 -> 
  custom:container-demuxer-ogg: 62fdf1f143b41e24485cea50d1cbac27 -> 
  custom:video-encoder-webm-vp8: eb34c28f22e8b96e1ab97ce403110664 -> 
  custom:video-codec-MediaFoundation-h265: 746d11721c4dcdbdad8f713fa42b33f4 -> 
  custom:video-decoder-webm-vp8: 9c59270c3fd7afecdb556c50c9e8de78 -> 
  custom:graphics/normal-map-encoding: 01000000000000000000000000000000 -> 02000000000000000000000000000000
  custom:audio-decoder-ogg-vorbis: bf7c407c2cedff20999df2af8eb42d56 -> 
  custom:audio-encoder-webm-vorbis: bf7c407c2cedff20999df2af8eb42d56 -> 
========================================================================
Received Prepare
Registering precompiled user dll's ...
Registered in 0.002108 seconds.
Begin MonoManager ReloadAssembly
Native extension for WindowsStandalone target not found
Native extension for WebGL target not found
Refreshing native plugins compatible for Editor in 0.43 ms, found 3 plugins.
Preloading 0 native plugins for Editor in 0.00 ms.
Mono: successfully reloaded assembly
- Completed reload, in  0.804 seconds
Platform modules already initialized, skipping
Switching build target platform(19) subTarget(0) extendedPlatform(0) -> platform(9) subTarget(16777218) extendedPlatform(0)
Refreshing native plugins compatible for Editor in 0.38 ms, found 3 plugins.
Preloading 0 native plugins for Editor in 0.00 ms.
Unloading 2084 Unused Serialized files (Serialized files now loaded: 0)
System memory in use before: 96.0 MB.
System memory in use after: 96.0 MB.

Unloading 21 unused Assets to reduce memory usage. Loaded Objects now: 2547.
Total: 2.064500 ms (FindLiveObjects: 0.185500 ms CreateObjectMapping: 0.044200 ms MarkObjects: 1.727600 ms  DeleteObjects: 0.106600 ms)

AssetImportParameters requested are different than current active one (requested -> active):
  custom:framework-win-MediaFoundation: 216162199b28c13a410421893ffa2e32 -> 
  custom:video-decoder-ogg-theora: a1e56fd34408186e4bbccfd4996cb3dc -> 
  custom:container-muxer-webm: aa71ff27fc2769a1b78a27578f13a17b -> 
  custom:container-demuxer-webm: 4f35f7cbe854078d1ac9338744f61a02 -> 
  custom:container-demuxer-ogg: 62fdf1f143b41e24485cea50d1cbac27 -> 
  custom:video-encoder-webm-vp8: eb34c28f22e8b96e1ab97ce403110664 -> 
  custom:video-codec-MediaFoundation-h265: 746d11721c4dcdbdad8f713fa42b33f4 -> 
  custom:video-decoder-webm-vp8: 9c59270c3fd7afecdb556c50c9e8de78 -> 
  custom:graphics/normal-map-encoding: 01000000000000000000000000000000 -> 02000000000000000000000000000000
  custom:audio-decoder-ogg-vorbis: bf7c407c2cedff20999df2af8eb42d56 -> 
  custom:audio-encoder-webm-vorbis: bf7c407c2cedff20999df2af8eb42d56 -> 
========================================================================
Received Import Request.
  Time since last request: 461.380151 seconds.
  path: Assets/UnityChanController.cs
  artifactKey: Guid(8656ceb4a9bb5a6408d01c6366573cb8) Importer(815301076,1909f56bfc062723c751e8b465ee728b)
Start importing Assets/UnityChanController.cs using Guid(8656ceb4a9bb5a6408d01c6366573cb8) Importer(815301076,1909f56bfc062723c751e8b465ee728b)  -> (artifact id: '22d97efe56fbf49d7b0feceee71f32d4') in 0.003900 seconds 
  Import took 0.006529 seconds .

========================================================================
Received Prepare
Registering precompiled user dll's ...
Registered in 0.002350 seconds.
Begin MonoManager ReloadAssembly
Native extension for WindowsStandalone target not found
Native extension for WebGL target not found
Refreshing native plugins compatible for Editor in 0.44 ms, found 3 plugins.
Preloading 0 native plugins for Editor in 0.00 ms.
Mono: successfully reloaded assembly
- Completed reload, in  0.813 seconds
Platform modules already initialized, skipping
Switching build target platform(19) subTarget(0) extendedPlatform(0) -> platform(9) subTarget(16777218) extendedPlatform(0)
Refreshing native plugins compatible for Editor in 0.56 ms, found 3 plugins.
Preloading 0 native plugins for Editor in 0.00 ms.
Unloading 2084 Unused Serialized files (Serialized files now loaded: 0)
System memory in use before: 96.1 MB.
System memory in use after: 96.0 MB.

Unloading 21 unused Assets to reduce memory usage. Loaded Objects now: 2551.
Total: 1.902400 ms (FindLiveObjects: 0.191400 ms CreateObjectMapping: 0.046000 ms MarkObjects: 1.572700 ms  DeleteObjects: 0.091400 ms)

AssetImportParameters requested are different than current active one (requested -> active):
  custom:framework-win-MediaFoundation: 216162199b28c13a410421893ffa2e32 -> 
  custom:video-decoder-ogg-theora: a1e56fd34408186e4bbccfd4996cb3dc -> 
  custom:container-muxer-webm: aa71ff27fc2769a1b78a27578f13a17b -> 
  custom:container-demuxer-webm: 4f35f7cbe854078d1ac9338744f61a02 -> 
  custom:container-demuxer-ogg: 62fdf1f143b41e24485cea50d1cbac27 -> 
  custom:video-encoder-webm-vp8: eb34c28f22e8b96e1ab97ce403110664 -> 
  custom:video-codec-MediaFoundation-h265: 746d11721c4dcdbdad8f713fa42b33f4 -> 
  custom:video-decoder-webm-vp8: 9c59270c3fd7afecdb556c50c9e8de78 -> 
  custom:graphics/normal-map-encoding: 01000000000000000000000000000000 -> 02000000000000000000000000000000
  custom:audio-decoder-ogg-vorbis: bf7c407c2cedff20999df2af8eb42d56 -> 
  custom:audio-encoder-webm-vorbis: bf7c407c2cedff20999df2af8eb42d56 -> 
========================================================================
Received Import Request.
  Time since last request: 56.111835 seconds.
  path: Assets/UnityChan2D/Animations/UnityChan2D.controller
  artifactKey: Guid(3a2e89326cda64858a11433ffce27df7) Importer(815301076,1909f56bfc062723c751e8b465ee728b)
Start importing Assets/UnityChan2D/Animations/UnityChan2D.controller using Guid(3a2e89326cda64858a11433ffce27df7) Importer(815301076,1909f56bfc062723c751e8b465ee728b)  -> (artifact id: '3d208f7624439b280e828b4619e3cf04') in 0.013487 seconds 
  Import took 0.016327 seconds .

========================================================================
Received Prepare
Registering precompiled user dll's ...
Registered in 0.002228 seconds.
Begin MonoManager ReloadAssembly
Native extension for WindowsStandalone target not found
Native extension for WebGL target not found
Refreshing native plugins compatible for Editor in 0.43 ms, found 3 plugins.
Preloading 0 native plugins for Editor in 0.00 ms.
Mono: successfully reloaded assembly
- Completed reload, in  0.794 seconds
Platform modules already initialized, skipping
Switching build target platform(19) subTarget(0) extendedPlatform(0) -> platform(9) subTarget(16777218) extendedPlatform(0)
Refreshing native plugins compatible for Editor in 0.36 ms, found 3 plugins.
Preloading 0 native plugins for Editor in 0.00 ms.
Unloading 2084 Unused Serialized files (Serialized files now loaded: 0)
System memory in use before: 96.1 MB.
System memory in use after: 96.1 MB.

Unloading 21 unused Assets to reduce memory usage. Loaded Objects now: 2555.
Total: 2.062700 ms (FindLiveObjects: 0.199500 ms CreateObjectMapping: 0.052600 ms MarkObjects: 1.703700 ms  DeleteObjects: 0.105800 ms)

AssetImportParameters requested are different than current active one (requested -> active):
  custom:framework-win-MediaFoundation: 216162199b28c13a410421893ffa2e32 -> 
  custom:video-decoder-ogg-theora: a1e56fd34408186e4bbccfd4996cb3dc -> 
  custom:container-muxer-webm: aa71ff27fc2769a1b78a27578f13a17b -> 
  custom:container-demuxer-webm: 4f35f7cbe854078d1ac9338744f61a02 -> 
  custom:container-demuxer-ogg: 62fdf1f143b41e24485cea50d1cbac27 -> 
  custom:video-encoder-webm-vp8: eb34c28f22e8b96e1ab97ce403110664 -> 
  custom:video-codec-MediaFoundation-h265: 746d11721c4dcdbdad8f713fa42b33f4 -> 
  custom:video-decoder-webm-vp8: 9c59270c3fd7afecdb556c50c9e8de78 -> 
  custom:graphics/normal-map-encoding: 01000000000000000000000000000000 -> 02000000000000000000000000000000
  custom:audio-decoder-ogg-vorbis: bf7c407c2cedff20999df2af8eb42d56 -> 
  custom:audio-encoder-webm-vorbis: bf7c407c2cedff20999df2af8eb42d56 -> 
========================================================================
Received Import Request.
  Time since last request: 2990.742653 seconds.
  path: Assets/UnityChanController.cs
  artifactKey: Guid(8656ceb4a9bb5a6408d01c6366573cb8) Importer(815301076,1909f56bfc062723c751e8b465ee728b)
Start importing Assets/UnityChanController.cs using Guid(8656ceb4a9bb5a6408d01c6366573cb8) Importer(815301076,1909f56bfc062723c751e8b465ee728b)  -> (artifact id: '4587c654224af20443732f28a11d3817') in 0.004086 seconds 
  Import took 0.006856 seconds .

========================================================================
Received Import Request.
  Time since last request: 0.030569 seconds.
  path: Assets/UnityChanController.cs
  artifactKey: Guid(8656ceb4a9bb5a6408d01c6366573cb8) Importer(815301076,1909f56bfc062723c751e8b465ee728b)
Start importing Assets/UnityChanController.cs using Guid(8656ceb4a9bb5a6408d01c6366573cb8) Importer(815301076,1909f56bfc062723c751e8b465ee728b)  -> (artifact id: '4587c654224af20443732f28a11d3817') in 0.001526 seconds 
  Import took 0.004252 seconds .

========================================================================
Received Prepare
Registering precompiled user dll's ...
Registered in 0.002172 seconds.
Begin MonoManager ReloadAssembly
Native extension for WindowsStandalone target not found
Native extension for WebGL target not found
Refreshing native plugins compatible for Editor in 0.43 ms, found 3 plugins.
Preloading 0 native plugins for Editor in 0.00 ms.
Mono: successfully reloaded assembly
- Completed reload, in  0.837 seconds
Platform modules already initialized, skipping
Switching build target platform(19) subTarget(0) extendedPlatform(0) -> platform(9) subTarget(16777218) extendedPlatform(0)
Refreshing native plugins compatible for Editor in 0.42 ms, found 3 plugins.
Preloading 0 native plugins for Editor in 0.00 ms.
Unloading 2084 Unused Serialized files (Serialized files now loaded: 0)
System memory in use before: 96.1 MB.
System memory in use after: 96.1 MB.

Unloading 21 unused Assets to reduce memory usage. Loaded Objects now: 2559.
Total: 2.059000 ms (FindLiveObjects: 0.202200 ms CreateObjectMapping: 0.041600 ms MarkObjects: 1.713600 ms  DeleteObjects: 0.100600 ms)

AssetImportParameters requested are different than current active one (requested -> active):
  custom:framework-win-MediaFoundation: 216162199b28c13a410421893ffa2e32 -> 
  custom:video-decoder-ogg-theora: a1e56fd34408186e4bbccfd4996cb3dc -> 
  custom:container-muxer-webm: aa71ff27fc2769a1b78a27578f13a17b -> 
  custom:container-demuxer-webm: 4f35f7cbe854078d1ac9338744f61a02 -> 
  custom:container-demuxer-ogg: 62fdf1f143b41e24485cea50d1cbac27 -> 
  custom:video-encoder-webm-vp8: eb34c28f22e8b96e1ab97ce403110664 -> 
  custom:video-codec-MediaFoundation-h265: 746d11721c4dcdbdad8f713fa42b33f4 -> 
  custom:video-decoder-webm-vp8: 9c59270c3fd7afecdb556c50c9e8de78 -> 
  custom:graphics/normal-map-encoding: 01000000000000000000000000000000 -> 02000000000000000000000000000000
  custom:audio-decoder-ogg-vorbis: bf7c407c2cedff20999df2af8eb42d56 -> 
  custom:audio-encoder-webm-vorbis: bf7c407c2cedff20999df2af8eb42d56 -> 
========================================================================
Received Import Request.
  Time since last request: 22.674955 seconds.
  path: Assets/UnityChan2D
  artifactKey: Guid(56d97193c8374354ebe8bd2ebdc46380) Importer(815301076,1909f56bfc062723c751e8b465ee728b)
Start importing Assets/UnityChan2D using Guid(56d97193c8374354ebe8bd2ebdc46380) Importer(815301076,1909f56bfc062723c751e8b465ee728b)  -> (artifact id: '0764471b7dc9900d8c18cd902910e1a2') in 0.003965 seconds 
  Import took 0.006937 seconds .

========================================================================
Received Import Request.
  Time since last request: 146.365592 seconds.
  path: Assets/CubeController.cs
  artifactKey: Guid(acb9769716ace7049b38086c8b06db91) Importer(815301076,1909f56bfc062723c751e8b465ee728b)
Start importing Assets/CubeController.cs using Guid(acb9769716ace7049b38086c8b06db91) Importer(815301076,1909f56bfc062723c751e8b465ee728b)  -> (artifact id: 'b9cd3a690a1bd7634e7a1a4689ca5a30') in 0.001571 seconds 
  Import took 0.004238 seconds .

========================================================================
Received Prepare
Registering precompiled user dll's ...
Registered in 0.002089 seconds.
Begin MonoManager ReloadAssembly
Native extension for WindowsStandalone target not found
Native extension for WebGL target not found
Refreshing native plugins compatible for Editor in 0.46 ms, found 3 plugins.
Preloading 0 native plugins for Editor in 0.00 ms.
Mono: successfully reloaded assembly
- Completed reload, in  0.867 seconds
Platform modules already initialized, skipping
Switching build target platform(19) subTarget(0) extendedPlatform(0) -> platform(9) subTarget(16777218) extendedPlatform(0)
Refreshing native plugins compatible for Editor in 0.45 ms, found 3 plugins.
Preloading 0 native plugins for Editor in 0.00 ms.
Unloading 2085 Unused Serialized files (Serialized files now loaded: 0)
System memory in use before: 96.2 MB.
System memory in use after: 96.1 MB.

Unloading 21 unused Assets to reduce memory usage. Loaded Objects now: 2564.
Total: 2.097800 ms (FindLiveObjects: 0.224500 ms CreateObjectMapping: 0.057500 ms MarkObjects: 1.716300 ms  DeleteObjects: 0.098400 ms)

AssetImportParameters requested are different than current active one (requested -> active):
  custom:framework-win-MediaFoundation: 216162199b28c13a410421893ffa2e32 -> 
  custom:video-decoder-ogg-theora: a1e56fd34408186e4bbccfd4996cb3dc -> 
  custom:container-muxer-webm: aa71ff27fc2769a1b78a27578f13a17b -> 
  custom:container-demuxer-webm: 4f35f7cbe854078d1ac9338744f61a02 -> 
  custom:container-demuxer-ogg: 62fdf1f143b41e24485cea50d1cbac27 -> 
  custom:video-encoder-webm-vp8: eb34c28f22e8b96e1ab97ce403110664 -> 
  custom:video-codec-MediaFoundation-h265: 746d11721c4dcdbdad8f713fa42b33f4 -> 
  custom:video-decoder-webm-vp8: 9c59270c3fd7afecdb556c50c9e8de78 -> 
  custom:graphics/normal-map-encoding: 01000000000000000000000000000000 -> 02000000000000000000000000000000
  custom:audio-decoder-ogg-vorbis: bf7c407c2cedff20999df2af8eb42d56 -> 
  custom:audio-encoder-webm-vorbis: bf7c407c2cedff20999df2af8eb42d56 -> 
========================================================================
Received Prepare
Registering precompiled user dll's ...
Registered in 0.002139 seconds.
Begin MonoManager ReloadAssembly
Native extension for WindowsStandalone target not found
Native extension for WebGL target not found
Refreshing native plugins compatible for Editor in 0.44 ms, found 3 plugins.
Preloading 0 native plugins for Editor in 0.00 ms.
Mono: successfully reloaded assembly
- Completed reload, in  0.813 seconds
Platform modules already initialized, skipping
Switching build target platform(19) subTarget(0) extendedPlatform(0) -> platform(9) subTarget(16777218) extendedPlatform(0)
Refreshing native plugins compatible for Editor in 0.40 ms, found 3 plugins.
Preloading 0 native plugins for Editor in 0.00 ms.
Unloading 2085 Unused Serialized files (Serialized files now loaded: 0)
System memory in use before: 96.2 MB.
System memory in use after: 96.1 MB.

Unloading 21 unused Assets to reduce memory usage. Loaded Objects now: 2568.
Total: 2.205400 ms (FindLiveObjects: 0.316800 ms CreateObjectMapping: 0.048200 ms MarkObjects: 1.732400 ms  DeleteObjects: 0.107500 ms)

AssetImportParameters requested are different than current active one (requested -> active):
  custom:framework-win-MediaFoundation: 216162199b28c13a410421893ffa2e32 -> 
  custom:video-decoder-ogg-theora: a1e56fd34408186e4bbccfd4996cb3dc -> 
  custom:container-muxer-webm: aa71ff27fc2769a1b78a27578f13a17b -> 
  custom:container-demuxer-webm: 4f35f7cbe854078d1ac9338744f61a02 -> 
  custom:container-demuxer-ogg: 62fdf1f143b41e24485cea50d1cbac27 -> 
  custom:video-encoder-webm-vp8: eb34c28f22e8b96e1ab97ce403110664 -> 
  custom:video-codec-MediaFoundation-h265: 746d11721c4dcdbdad8f713fa42b33f4 -> 
  custom:video-decoder-webm-vp8: 9c59270c3fd7afecdb556c50c9e8de78 -> 
  custom:graphics/normal-map-encoding: 01000000000000000000000000000000 -> 02000000000000000000000000000000
  custom:audio-decoder-ogg-vorbis: bf7c407c2cedff20999df2af8eb42d56 -> 
  custom:audio-encoder-webm-vorbis: bf7c407c2cedff20999df2af8eb42d56 -> 
========================================================================
Received Prepare
Registering precompiled user dll's ...
Registered in 0.002087 seconds.
Begin MonoManager ReloadAssembly
Native extension for WindowsStandalone target not found
Native extension for WebGL target not found
Refreshing native plugins compatible for Editor in 0.44 ms, found 3 plugins.
Preloading 0 native plugins for Editor in 0.00 ms.
Mono: successfully reloaded assembly
- Completed reload, in  0.835 seconds
Platform modules already initialized, skipping
Switching build target platform(19) subTarget(0) extendedPlatform(0) -> platform(9) subTarget(16777218) extendedPlatform(0)
Refreshing native plugins compatible for Editor in 0.42 ms, found 3 plugins.
Preloading 0 native plugins for Editor in 0.00 ms.
Unloading 2085 Unused Serialized files (Serialized files now loaded: 0)
System memory in use before: 96.2 MB.
System memory in use after: 96.2 MB.

Unloading 21 unused Assets to reduce memory usage. Loaded Objects now: 2572.
Total: 2.198500 ms (FindLiveObjects: 0.214800 ms CreateObjectMapping: 0.046700 ms MarkObjects: 1.825000 ms  DeleteObjects: 0.110900 ms)

AssetImportParameters requested are different than current active one (requested -> active):
  custom:framework-win-MediaFoundation: 216162199b28c13a410421893ffa2e32 -> 
  custom:video-decoder-ogg-theora: a1e56fd34408186e4bbccfd4996cb3dc -> 
  custom:container-muxer-webm: aa71ff27fc2769a1b78a27578f13a17b -> 
  custom:container-demuxer-webm: 4f35f7cbe854078d1ac9338744f61a02 -> 
  custom:container-demuxer-ogg: 62fdf1f143b41e24485cea50d1cbac27 -> 
  custom:video-encoder-webm-vp8: eb34c28f22e8b96e1ab97ce403110664 -> 
  custom:video-codec-MediaFoundation-h265: 746d11721c4dcdbdad8f713fa42b33f4 -> 
  custom:video-decoder-webm-vp8: 9c59270c3fd7afecdb556c50c9e8de78 -> 
  custom:graphics/normal-map-encoding: 01000000000000000000000000000000 -> 02000000000000000000000000000000
  custom:audio-decoder-ogg-vorbis: bf7c407c2cedff20999df2af8eb42d56 -> 
  custom:audio-encoder-webm-vorbis: bf7c407c2cedff20999df2af8eb42d56 -> 
========================================================================
Received Prepare
Registering precompiled user dll's ...
Registered in 0.002145 seconds.
Begin MonoManager ReloadAssembly
Native extension for WindowsStandalone target not found
Native extension for WebGL target not found
Refreshing native plugins compatible for Editor in 0.48 ms, found 3 plugins.
Preloading 0 native plugins for Editor in 0.00 ms.
Mono: successfully reloaded assembly
- Completed reload, in  0.825 seconds
Platform modules already initialized, skipping
Switching build target platform(19) subTarget(0) extendedPlatform(0) -> platform(9) subTarget(16777218) extendedPlatform(0)
Refreshing native plugins compatible for Editor in 0.39 ms, found 3 plugins.
Preloading 0 native plugins for Editor in 0.00 ms.
Unloading 2085 Unused Serialized files (Serialized files now loaded: 0)
System memory in use before: 96.2 MB.
System memory in use after: 96.2 MB.

Unloading 21 unused Assets to reduce memory usage. Loaded Objects now: 2576.
Total: 2.113100 ms (FindLiveObjects: 0.195500 ms CreateObjectMapping: 0.045100 ms MarkObjects: 1.764200 ms  DeleteObjects: 0.107600 ms)

AssetImportParameters requested are different than current active one (requested -> active):
  custom:framework-win-MediaFoundation: 216162199b28c13a410421893ffa2e32 -> 
  custom:video-decoder-ogg-theora: a1e56fd34408186e4bbccfd4996cb3dc -> 
  custom:container-muxer-webm: aa71ff27fc2769a1b78a27578f13a17b -> 
  custom:container-demuxer-webm: 4f35f7cbe854078d1ac9338744f61a02 -> 
  custom:container-demuxer-ogg: 62fdf1f143b41e24485cea50d1cbac27 -> 
  custom:video-encoder-webm-vp8: eb34c28f22e8b96e1ab97ce403110664 -> 
  custom:video-codec-MediaFoundation-h265: 746d11721c4dcdbdad8f713fa42b33f4 -> 
  custom:video-decoder-webm-vp8: 9c59270c3fd7afecdb556c50c9e8de78 -> 
  custom:graphics/normal-map-encoding: 01000000000000000000000000000000 -> 02000000000000000000000000000000
  custom:audio-decoder-ogg-vorbis: bf7c407c2cedff20999df2af8eb42d56 -> 
  custom:audio-encoder-webm-vorbis: bf7c407c2cedff20999df2af8eb42d56 -> 
========================================================================
Received Import Request.
  Time since last request: 378.690779 seconds.
  path: Assets/block_0.prefab
  artifactKey: Guid(600d0cfc269ca8248b3c78dcb32d36dc) Importer(815301076,1909f56bfc062723c751e8b465ee728b)
Start importing Assets/block_0.prefab using Guid(600d0cfc269ca8248b3c78dcb32d36dc) Importer(815301076,1909f56bfc062723c751e8b465ee728b)  -> (artifact id: '9ee669d6d96415d782ff36bb8f16629f') in 0.057233 seconds 
  Import took 0.060149 seconds .

========================================================================
Received Import Request.
  Time since last request: 5.832341 seconds.
  path: Assets/CubeController.cs
  artifactKey: Guid(acb9769716ace7049b38086c8b06db91) Importer(815301076,1909f56bfc062723c751e8b465ee728b)
Start importing Assets/CubeController.cs using Guid(acb9769716ace7049b38086c8b06db91) Importer(815301076,1909f56bfc062723c751e8b465ee728b)  -> (artifact id: '49a7e407723589958908092d5e358a3b') in 0.001479 seconds 
  Import took 0.003926 seconds .

========================================================================
Received Import Request.
  Time since last request: 0.001158 seconds.
  path: Assets/CubeController.cs
  artifactKey: Guid(acb9769716ace7049b38086c8b06db91) Importer(815301076,1909f56bfc062723c751e8b465ee728b)
Start importing Assets/CubeController.cs using Guid(acb9769716ace7049b38086c8b06db91) Importer(815301076,1909f56bfc062723c751e8b465ee728b)  -> (artifact id: '49a7e407723589958908092d5e358a3b') in 0.001176 seconds 
  Import took 0.003116 seconds .

========================================================================
Received Import Request.
  Time since last request: 10.394045 seconds.
  path: Assets/CubePrefab.prefab
  artifactKey: Guid(600d0cfc269ca8248b3c78dcb32d36dc) Importer(815301076,1909f56bfc062723c751e8b465ee728b)
Start importing Assets/CubePrefab.prefab using Guid(600d0cfc269ca8248b3c78dcb32d36dc) Importer(815301076,1909f56bfc062723c751e8b465ee728b)  -> (artifact id: '100e57101335be9b58cd6a27044c3360') in 0.008640 seconds 
  Import took 0.011500 seconds .

========================================================================
Received Import Request.
  Time since last request: 32.501431 seconds.
  path: Assets/CubeGenarator.cs
  artifactKey: Guid(1b7191bb93043024c99b75020409167e) Importer(815301076,1909f56bfc062723c751e8b465ee728b)
Start importing Assets/CubeGenarator.cs using Guid(1b7191bb93043024c99b75020409167e) Importer(815301076,1909f56bfc062723c751e8b465ee728b)  -> (artifact id: 'a08a1bc23af9171d1733ec47cb36dd48') in 0.001773 seconds 
  Import took 0.005016 seconds .

========================================================================
Received Prepare
Registering precompiled user dll's ...
Registered in 0.002105 seconds.
Begin MonoManager ReloadAssembly
Native extension for WindowsStandalone target not found
Native extension for WebGL target not found
Refreshing native plugins compatible for Editor in 0.45 ms, found 3 plugins.
Preloading 0 native plugins for Editor in 0.00 ms.
Mono: successfully reloaded assembly
- Completed reload, in  0.894 seconds
Platform modules already initialized, skipping
Switching build target platform(19) subTarget(0) extendedPlatform(0) -> platform(9) subTarget(16777218) extendedPlatform(0)
Refreshing native plugins compatible for Editor in 0.44 ms, found 3 plugins.
Preloading 0 native plugins for Editor in 0.00 ms.
Unloading 2086 Unused Serialized files (Serialized files now loaded: 0)
System memory in use before: 96.2 MB.
System memory in use after: 96.2 MB.

Unloading 21 unused Assets to reduce memory usage. Loaded Objects now: 2582.
Total: 1.958500 ms (FindLiveObjects: 0.221400 ms CreateObjectMapping: 0.045800 ms MarkObjects: 1.594700 ms  DeleteObjects: 0.095100 ms)

AssetImportParameters requested are different than current active one (requested -> active):
  custom:framework-win-MediaFoundation: 216162199b28c13a410421893ffa2e32 -> 
  custom:video-decoder-ogg-theora: a1e56fd34408186e4bbccfd4996cb3dc -> 
  custom:container-muxer-webm: aa71ff27fc2769a1b78a27578f13a17b -> 
  custom:container-demuxer-webm: 4f35f7cbe854078d1ac9338744f61a02 -> 
  custom:container-demuxer-ogg: 62fdf1f143b41e24485cea50d1cbac27 -> 
  custom:video-encoder-webm-vp8: eb34c28f22e8b96e1ab97ce403110664 -> 
  custom:video-codec-MediaFoundation-h265: 746d11721c4dcdbdad8f713fa42b33f4 -> 
  custom:video-decoder-webm-vp8: 9c59270c3fd7afecdb556c50c9e8de78 -> 
  custom:graphics/normal-map-encoding: 01000000000000000000000000000000 -> 02000000000000000000000000000000
  custom:audio-decoder-ogg-vorbis: bf7c407c2cedff20999df2af8eb42d56 -> 
  custom:audio-encoder-webm-vorbis: bf7c407c2cedff20999df2af8eb42d56 -> 
========================================================================
Received Prepare
Registering precompiled user dll's ...
Registered in 0.002200 seconds.
Begin MonoManager ReloadAssembly
Native extension for WindowsStandalone target not found
Native extension for WebGL target not found
Refreshing native plugins compatible for Editor in 0.45 ms, found 3 plugins.
Preloading 0 native plugins for Editor in 0.00 ms.
Mono: successfully reloaded assembly
- Completed reload, in  0.832 seconds
Platform modules already initialized, skipping
Switching build target platform(19) subTarget(0) extendedPlatform(0) -> platform(9) subTarget(16777218) extendedPlatform(0)
Refreshing native plugins compatible for Editor in 0.40 ms, found 3 plugins.
Preloading 0 native plugins for Editor in 0.00 ms.
Unloading 2086 Unused Serialized files (Serialized files now loaded: 0)
System memory in use before: 96.2 MB.
System memory in use after: 96.2 MB.

Unloading 21 unused Assets to reduce memory usage. Loaded Objects now: 2586.
Total: 2.013700 ms (FindLiveObjects: 0.186900 ms CreateObjectMapping: 0.043700 ms MarkObjects: 1.673600 ms  DeleteObjects: 0.108800 ms)

AssetImportParameters requested are different than current active one (requested -> active):
  custom:framework-win-MediaFoundation: 216162199b28c13a410421893ffa2e32 -> 
  custom:video-decoder-ogg-theora: a1e56fd34408186e4bbccfd4996cb3dc -> 
  custom:container-muxer-webm: aa71ff27fc2769a1b78a27578f13a17b -> 
  custom:container-demuxer-webm: 4f35f7cbe854078d1ac9338744f61a02 -> 
  custom:container-demuxer-ogg: 62fdf1f143b41e24485cea50d1cbac27 -> 
  custom:video-encoder-webm-vp8: eb34c28f22e8b96e1ab97ce403110664 -> 
  custom:video-codec-MediaFoundation-h265: 746d11721c4dcdbdad8f713fa42b33f4 -> 
  custom:video-decoder-webm-vp8: 9c59270c3fd7afecdb556c50c9e8de78 -> 
  custom:graphics/normal-map-encoding: 01000000000000000000000000000000 -> 02000000000000000000000000000000
  custom:audio-decoder-ogg-vorbis: bf7c407c2cedff20999df2af8eb42d56 -> 
  custom:audio-encoder-webm-vorbis: bf7c407c2cedff20999df2af8eb42d56 -> 
========================================================================
Received Import Request.
  Time since last request: 652.379522 seconds.
  path: Assets/CubeGenarator.cs
  artifactKey: Guid(1b7191bb93043024c99b75020409167e) Importer(815301076,1909f56bfc062723c751e8b465ee728b)
Start importing Assets/CubeGenarator.cs using Guid(1b7191bb93043024c99b75020409167e) Importer(815301076,1909f56bfc062723c751e8b465ee728b)  -> (artifact id: '26f8cb95581f3b5a1264985aac646cf7') in 0.003907 seconds 
  Import took 0.006825 seconds .

========================================================================
Received Import Request.
  Time since last request: 0.028552 seconds.
  path: Assets/CubeGenarator.cs
  artifactKey: Guid(1b7191bb93043024c99b75020409167e) Importer(815301076,1909f56bfc062723c751e8b465ee728b)
Start importing Assets/CubeGenarator.cs using Guid(1b7191bb93043024c99b75020409167e) Importer(815301076,1909f56bfc062723c751e8b465ee728b)  -> (artifact id: '26f8cb95581f3b5a1264985aac646cf7') in 0.001547 seconds 
  Import took 0.004102 seconds .

========================================================================
Received Prepare
Registering precompiled user dll's ...
Registered in 0.002283 seconds.
Begin MonoManager ReloadAssembly
Native extension for WindowsStandalone target not found
Native extension for WebGL target not found
Refreshing native plugins compatible for Editor in 0.51 ms, found 3 plugins.
Preloading 0 native plugins for Editor in 0.00 ms.
Mono: successfully reloaded assembly
- Completed reload, in  0.834 seconds
Platform modules already initialized, skipping
Switching build target platform(19) subTarget(0) extendedPlatform(0) -> platform(9) subTarget(16777218) extendedPlatform(0)
Refreshing native plugins compatible for Editor in 0.38 ms, found 3 plugins.
Preloading 0 native plugins for Editor in 0.00 ms.
Unloading 2086 Unused Serialized files (Serialized files now loaded: 0)
System memory in use before: 96.2 MB.
System memory in use after: 96.2 MB.

Unloading 21 unused Assets to reduce memory usage. Loaded Objects now: 2590.
Total: 2.115700 ms (FindLiveObjects: 0.207600 ms CreateObjectMapping: 0.053600 ms MarkObjects: 1.745300 ms  DeleteObjects: 0.107900 ms)

AssetImportParameters requested are different than current active one (requested -> active):
  custom:framework-win-MediaFoundation: 216162199b28c13a410421893ffa2e32 -> 
  custom:video-decoder-ogg-theora: a1e56fd34408186e4bbccfd4996cb3dc -> 
  custom:container-muxer-webm: aa71ff27fc2769a1b78a27578f13a17b -> 
  custom:container-demuxer-webm: 4f35f7cbe854078d1ac9338744f61a02 -> 
  custom:container-demuxer-ogg: 62fdf1f143b41e24485cea50d1cbac27 -> 
  custom:video-encoder-webm-vp8: eb34c28f22e8b96e1ab97ce403110664 -> 
  custom:video-codec-MediaFoundation-h265: 746d11721c4dcdbdad8f713fa42b33f4 -> 
  custom:video-decoder-webm-vp8: 9c59270c3fd7afecdb556c50c9e8de78 -> 
  custom:graphics/normal-map-encoding: 01000000000000000000000000000000 -> 02000000000000000000000000000000
  custom:audio-decoder-ogg-vorbis: bf7c407c2cedff20999df2af8eb42d56 -> 
  custom:audio-encoder-webm-vorbis: bf7c407c2cedff20999df2af8eb42d56 -> 
========================================================================
Received Prepare
Registering precompiled user dll's ...
Registered in 0.002185 seconds.
Begin MonoManager ReloadAssembly
Native extension for WindowsStandalone target not found
Native extension for WebGL target not found
Refreshing native plugins compatible for Editor in 0.44 ms, found 3 plugins.
Preloading 0 native plugins for Editor in 0.00 ms.
Mono: successfully reloaded assembly
- Completed reload, in  0.865 seconds
Platform modules already initialized, skipping
Switching build target platform(19) subTarget(0) extendedPlatform(0) -> platform(9) subTarget(16777218) extendedPlatform(0)
Refreshing native plugins compatible for Editor in 0.43 ms, found 3 plugins.
Preloading 0 native plugins for Editor in 0.00 ms.
Unloading 2086 Unused Serialized files (Serialized files now loaded: 0)
System memory in use before: 96.3 MB.
System memory in use after: 96.2 MB.

Unloading 21 unused Assets to reduce memory usage. Loaded Objects now: 2594.
Total: 2.148600 ms (FindLiveObjects: 0.189700 ms CreateObjectMapping: 0.045000 ms MarkObjects: 1.807900 ms  DeleteObjects: 0.105200 ms)

AssetImportParameters requested are different than current active one (requested -> active):
  custom:framework-win-MediaFoundation: 216162199b28c13a410421893ffa2e32 -> 
  custom:video-decoder-ogg-theora: a1e56fd34408186e4bbccfd4996cb3dc -> 
  custom:container-muxer-webm: aa71ff27fc2769a1b78a27578f13a17b -> 
  custom:container-demuxer-webm: 4f35f7cbe854078d1ac9338744f61a02 -> 
  custom:container-demuxer-ogg: 62fdf1f143b41e24485cea50d1cbac27 -> 
  custom:video-encoder-webm-vp8: eb34c28f22e8b96e1ab97ce403110664 -> 
  custom:video-codec-MediaFoundation-h265: 746d11721c4dcdbdad8f713fa42b33f4 -> 
  custom:video-decoder-webm-vp8: 9c59270c3fd7afecdb556c50c9e8de78 -> 
  custom:graphics/normal-map-encoding: 01000000000000000000000000000000 -> 02000000000000000000000000000000
  custom:audio-decoder-ogg-vorbis: bf7c407c2cedff20999df2af8eb42d56 -> 
  custom:audio-encoder-webm-vorbis: bf7c407c2cedff20999df2af8eb42d56 -> 
========================================================================
Received Prepare
Registering precompiled user dll's ...
Registered in 0.002192 seconds.
Begin MonoManager ReloadAssembly
Native extension for WindowsStandalone target not found
Native extension for WebGL target not found
Refreshing native plugins compatible for Editor in 0.44 ms, found 3 plugins.
Preloading 0 native plugins for Editor in 0.00 ms.
Mono: successfully reloaded assembly
- Completed reload, in  0.836 seconds
Platform modules already initialized, skipping
Switching build target platform(19) subTarget(0) extendedPlatform(0) -> platform(9) subTarget(16777218) extendedPlatform(0)
Refreshing native plugins compatible for Editor in 0.39 ms, found 3 plugins.
Preloading 0 native plugins for Editor in 0.00 ms.
Unloading 2086 Unused Serialized files (Serialized files now loaded: 0)
System memory in use before: 96.3 MB.
System memory in use after: 96.2 MB.

Unloading 21 unused Assets to reduce memory usage. Loaded Objects now: 2598.
Total: 2.026300 ms (FindLiveObjects: 0.202600 ms CreateObjectMapping: 0.044300 ms MarkObjects: 1.673000 ms  DeleteObjects: 0.105700 ms)

AssetImportParameters requested are different than current active one (requested -> active):
  custom:framework-win-MediaFoundation: 216162199b28c13a410421893ffa2e32 -> 
  custom:video-decoder-ogg-theora: a1e56fd34408186e4bbccfd4996cb3dc -> 
  custom:container-muxer-webm: aa71ff27fc2769a1b78a27578f13a17b -> 
  custom:container-demuxer-webm: 4f35f7cbe854078d1ac9338744f61a02 -> 
  custom:container-demuxer-ogg: 62fdf1f143b41e24485cea50d1cbac27 -> 
  custom:video-encoder-webm-vp8: eb34c28f22e8b96e1ab97ce403110664 -> 
  custom:video-codec-MediaFoundation-h265: 746d11721c4dcdbdad8f713fa42b33f4 -> 
  custom:video-decoder-webm-vp8: 9c59270c3fd7afecdb556c50c9e8de78 -> 
  custom:graphics/normal-map-encoding: 01000000000000000000000000000000 -> 02000000000000000000000000000000
  custom:audio-decoder-ogg-vorbis: bf7c407c2cedff20999df2af8eb42d56 -> 
  custom:audio-encoder-webm-vorbis: bf7c407c2cedff20999df2af8eb42d56 -> 
========================================================================
Received Prepare
Registering precompiled user dll's ...
Registered in 0.002117 seconds.
Begin MonoManager ReloadAssembly
Native extension for WindowsStandalone target not found
Native extension for WebGL target not found
Refreshing native plugins compatible for Editor in 0.48 ms, found 3 plugins.
Preloading 0 native plugins for Editor in 0.00 ms.
Mono: successfully reloaded assembly
- Completed reload, in  0.865 seconds
Platform modules already initialized, skipping
Switching build target platform(19) subTarget(0) extendedPlatform(0) -> platform(9) subTarget(16777218) extendedPlatform(0)
Refreshing native plugins compatible for Editor in 0.43 ms, found 3 plugins.
Preloading 0 native plugins for Editor in 0.00 ms.
Unloading 2087 Unused Serialized files (Serialized files now loaded: 0)
System memory in use before: 96.3 MB.
System memory in use after: 96.3 MB.

Unloading 21 unused Assets to reduce memory usage. Loaded Objects now: 2603.
Total: 2.055000 ms (FindLiveObjects: 0.197400 ms CreateObjectMapping: 0.053800 ms MarkObjects: 1.697700 ms  DeleteObjects: 0.105000 ms)

AssetImportParameters requested are different than current active one (requested -> active):
  custom:framework-win-MediaFoundation: 216162199b28c13a410421893ffa2e32 -> 
  custom:video-decoder-ogg-theora: a1e56fd34408186e4bbccfd4996cb3dc -> 
  custom:container-muxer-webm: aa71ff27fc2769a1b78a27578f13a17b -> 
  custom:container-demuxer-webm: 4f35f7cbe854078d1ac9338744f61a02 -> 
  custom:container-demuxer-ogg: 62fdf1f143b41e24485cea50d1cbac27 -> 
  custom:video-encoder-webm-vp8: eb34c28f22e8b96e1ab97ce403110664 -> 
  custom:video-codec-MediaFoundation-h265: 746d11721c4dcdbdad8f713fa42b33f4 -> 
  custom:video-decoder-webm-vp8: 9c59270c3fd7afecdb556c50c9e8de78 -> 
  custom:graphics/normal-map-encoding: 01000000000000000000000000000000 -> 02000000000000000000000000000000
  custom:audio-decoder-ogg-vorbis: bf7c407c2cedff20999df2af8eb42d56 -> 
  custom:audio-encoder-webm-vorbis: bf7c407c2cedff20999df2af8eb42d56 -> 
========================================================================
Received Import Request.
  Time since last request: 202.032949 seconds.
  path: Assets/BackgroundController.cs
  artifactKey: Guid(5fc1753abed979f48861a3746328de5d) Importer(815301076,1909f56bfc062723c751e8b465ee728b)
Start importing Assets/BackgroundController.cs using Guid(5fc1753abed979f48861a3746328de5d) Importer(815301076,1909f56bfc062723c751e8b465ee728b)  -> (artifact id: '57efb6eeb8ab16dedb2cab6dac55bede') in 0.004217 seconds 
  Import took 0.006930 seconds .

========================================================================
Received Prepare
Registering precompiled user dll's ...
Registered in 0.002112 seconds.
Begin MonoManager ReloadAssembly
Native extension for WindowsStandalone target not found
Native extension for WebGL target not found
Refreshing native plugins compatible for Editor in 0.45 ms, found 3 plugins.
Preloading 0 native plugins for Editor in 0.00 ms.
Mono: successfully reloaded assembly
- Completed reload, in  0.907 seconds
Platform modules already initialized, skipping
Switching build target platform(19) subTarget(0) extendedPlatform(0) -> platform(9) subTarget(16777218) extendedPlatform(0)
Refreshing native plugins compatible for Editor in 0.45 ms, found 3 plugins.
Preloading 0 native plugins for Editor in 0.00 ms.
Unloading 2087 Unused Serialized files (Serialized files now loaded: 0)
System memory in use before: 96.3 MB.
System memory in use after: 96.3 MB.

Unloading 21 unused Assets to reduce memory usage. Loaded Objects now: 2607.
Total: 2.065700 ms (FindLiveObjects: 0.197000 ms CreateObjectMapping: 0.044700 ms MarkObjects: 1.717800 ms  DeleteObjects: 0.105400 ms)

AssetImportParameters requested are different than current active one (requested -> active):
  custom:framework-win-MediaFoundation: 216162199b28c13a410421893ffa2e32 -> 
  custom:video-decoder-ogg-theora: a1e56fd34408186e4bbccfd4996cb3dc -> 
  custom:container-muxer-webm: aa71ff27fc2769a1b78a27578f13a17b -> 
  custom:container-demuxer-webm: 4f35f7cbe854078d1ac9338744f61a02 -> 
  custom:container-demuxer-ogg: 62fdf1f143b41e24485cea50d1cbac27 -> 
  custom:video-encoder-webm-vp8: eb34c28f22e8b96e1ab97ce403110664 -> 
  custom:video-codec-MediaFoundation-h265: 746d11721c4dcdbdad8f713fa42b33f4 -> 
  custom:video-decoder-webm-vp8: 9c59270c3fd7afecdb556c50c9e8de78 -> 
  custom:graphics/normal-map-encoding: 01000000000000000000000000000000 -> 02000000000000000000000000000000
  custom:audio-decoder-ogg-vorbis: bf7c407c2cedff20999df2af8eb42d56 -> 
  custom:audio-encoder-webm-vorbis: bf7c407c2cedff20999df2af8eb42d56 -> 
========================================================================
Received Prepare
Registering precompiled user dll's ...
Registered in 0.002100 seconds.
Begin MonoManager ReloadAssembly
Native extension for WindowsStandalone target not found
Native extension for WebGL target not found
Refreshing native plugins compatible for Editor in 0.42 ms, found 3 plugins.
Preloading 0 native plugins for Editor in 0.00 ms.
Mono: successfully reloaded assembly
- Completed reload, in  0.856 seconds
Platform modules already initialized, skipping
Switching build target platform(19) subTarget(0) extendedPlatform(0) -> platform(9) subTarget(16777218) extendedPlatform(0)
Refreshing native plugins compatible for Editor in 0.38 ms, found 3 plugins.
Preloading 0 native plugins for Editor in 0.00 ms.
Unloading 2087 Unused Serialized files (Serialized files now loaded: 0)
System memory in use before: 96.3 MB.
System memory in use after: 96.3 MB.

Unloading 21 unused Assets to reduce memory usage. Loaded Objects now: 2611.
Total: 2.109000 ms (FindLiveObjects: 0.201700 ms CreateObjectMapping: 0.054200 ms MarkObjects: 1.743800 ms  DeleteObjects: 0.108500 ms)

AssetImportParameters requested are different than current active one (requested -> active):
  custom:framework-win-MediaFoundation: 216162199b28c13a410421893ffa2e32 -> 
  custom:video-decoder-ogg-theora: a1e56fd34408186e4bbccfd4996cb3dc -> 
  custom:container-muxer-webm: aa71ff27fc2769a1b78a27578f13a17b -> 
  custom:container-demuxer-webm: 4f35f7cbe854078d1ac9338744f61a02 -> 
  custom:container-demuxer-ogg: 62fdf1f143b41e24485cea50d1cbac27 -> 
  custom:video-encoder-webm-vp8: eb34c28f22e8b96e1ab97ce403110664 -> 
  custom:video-codec-MediaFoundation-h265: 746d11721c4dcdbdad8f713fa42b33f4 -> 
  custom:video-decoder-webm-vp8: 9c59270c3fd7afecdb556c50c9e8de78 -> 
  custom:graphics/normal-map-encoding: 01000000000000000000000000000000 -> 02000000000000000000000000000000
  custom:audio-decoder-ogg-vorbis: bf7c407c2cedff20999df2af8eb42d56 -> 
  custom:audio-encoder-webm-vorbis: bf7c407c2cedff20999df2af8eb42d56 -> 
========================================================================
Received Import Request.
  Time since last request: 330.588317 seconds.
  path: Assets/BackgroundController.cs
  artifactKey: Guid(5fc1753abed979f48861a3746328de5d) Importer(815301076,1909f56bfc062723c751e8b465ee728b)
Start importing Assets/BackgroundController.cs using Guid(5fc1753abed979f48861a3746328de5d) Importer(815301076,1909f56bfc062723c751e8b465ee728b)  -> (artifact id: 'b040c2e2f3cbaa6e2cd463a44f1908a7') in 0.003902 seconds 
  Import took 0.006908 seconds .

========================================================================
Received Prepare
Registering precompiled user dll's ...
Registered in 0.002161 seconds.
Begin MonoManager ReloadAssembly
Native extension for WindowsStandalone target not found
Native extension for WebGL target not found
Refreshing native plugins compatible for Editor in 0.46 ms, found 3 plugins.
Preloading 0 native plugins for Editor in 0.00 ms.
Mono: successfully reloaded assembly
- Completed reload, in  0.852 seconds
Platform modules already initialized, skipping
Switching build target platform(19) subTarget(0) extendedPlatform(0) -> platform(9) subTarget(16777218) extendedPlatform(0)
Refreshing native plugins compatible for Editor in 0.42 ms, found 3 plugins.
Preloading 0 native plugins for Editor in 0.00 ms.
Unloading 2087 Unused Serialized files (Serialized files now loaded: 0)
System memory in use before: 96.3 MB.
System memory in use after: 96.3 MB.

Unloading 21 unused Assets to reduce memory usage. Loaded Objects now: 2615.
Total: 2.034600 ms (FindLiveObjects: 0.201200 ms CreateObjectMapping: 0.053000 ms MarkObjects: 1.676700 ms  DeleteObjects: 0.102800 ms)

AssetImportParameters requested are different than current active one (requested -> active):
  custom:framework-win-MediaFoundation: 216162199b28c13a410421893ffa2e32 -> 
  custom:video-decoder-ogg-theora: a1e56fd34408186e4bbccfd4996cb3dc -> 
  custom:container-muxer-webm: aa71ff27fc2769a1b78a27578f13a17b -> 
  custom:container-demuxer-webm: 4f35f7cbe854078d1ac9338744f61a02 -> 
  custom:container-demuxer-ogg: 62fdf1f143b41e24485cea50d1cbac27 -> 
  custom:video-encoder-webm-vp8: eb34c28f22e8b96e1ab97ce403110664 -> 
  custom:video-codec-MediaFoundation-h265: 746d11721c4dcdbdad8f713fa42b33f4 -> 
  custom:video-decoder-webm-vp8: 9c59270c3fd7afecdb556c50c9e8de78 -> 
  custom:graphics/normal-map-encoding: 01000000000000000000000000000000 -> 02000000000000000000000000000000
  custom:audio-decoder-ogg-vorbis: bf7c407c2cedff20999df2af8eb42d56 -> 
  custom:audio-encoder-webm-vorbis: bf7c407c2cedff20999df2af8eb42d56 -> 
========================================================================
Received Import Request.
  Time since last request: 556.412010 seconds.
  path: Assets/UIController.cs
  artifactKey: Guid(7391355e5ffe973408f62412ff6a0495) Importer(815301076,1909f56bfc062723c751e8b465ee728b)
Start importing Assets/UIController.cs using Guid(7391355e5ffe973408f62412ff6a0495) Importer(815301076,1909f56bfc062723c751e8b465ee728b)  -> (artifact id: '23fed5f4f1484583351275264ce28179') in 0.004946 seconds 
  Import took 0.007848 seconds .

========================================================================
Received Prepare
Registering precompiled user dll's ...
Registered in 0.002241 seconds.
Begin MonoManager ReloadAssembly
Native extension for WindowsStandalone target not found
Native extension for WebGL target not found
Refreshing native plugins compatible for Editor in 0.49 ms, found 3 plugins.
Preloading 0 native plugins for Editor in 0.00 ms.
Mono: successfully reloaded assembly
- Completed reload, in  0.953 seconds
Platform modules already initialized, skipping
Switching build target platform(19) subTarget(0) extendedPlatform(0) -> platform(9) subTarget(16777218) extendedPlatform(0)
Refreshing native plugins compatible for Editor in 0.49 ms, found 3 plugins.
Preloading 0 native plugins for Editor in 0.00 ms.
Unloading 2088 Unused Serialized files (Serialized files now loaded: 0)
System memory in use before: 96.4 MB.
System memory in use after: 96.3 MB.

Unloading 21 unused Assets to reduce memory usage. Loaded Objects now: 2620.
Total: 2.229000 ms (FindLiveObjects: 0.283600 ms CreateObjectMapping: 0.053000 ms MarkObjects: 1.783300 ms  DeleteObjects: 0.107400 ms)

AssetImportParameters requested are different than current active one (requested -> active):
  custom:framework-win-MediaFoundation: 216162199b28c13a410421893ffa2e32 -> 
  custom:video-decoder-ogg-theora: a1e56fd34408186e4bbccfd4996cb3dc -> 
  custom:container-muxer-webm: aa71ff27fc2769a1b78a27578f13a17b -> 
  custom:container-demuxer-webm: 4f35f7cbe854078d1ac9338744f61a02 -> 
  custom:container-demuxer-ogg: 62fdf1f143b41e24485cea50d1cbac27 -> 
  custom:video-encoder-webm-vp8: eb34c28f22e8b96e1ab97ce403110664 -> 
  custom:video-codec-MediaFoundation-h265: 746d11721c4dcdbdad8f713fa42b33f4 -> 
  custom:video-decoder-webm-vp8: 9c59270c3fd7afecdb556c50c9e8de78 -> 
  custom:graphics/normal-map-encoding: 01000000000000000000000000000000 -> 02000000000000000000000000000000
  custom:audio-decoder-ogg-vorbis: bf7c407c2cedff20999df2af8eb42d56 -> 
  custom:audio-encoder-webm-vorbis: bf7c407c2cedff20999df2af8eb42d56 -> 
========================================================================
Received Prepare
Registering precompiled user dll's ...
Registered in 0.002136 seconds.
Begin MonoManager ReloadAssembly
Native extension for WindowsStandalone target not found
Native extension for WebGL target not found
Refreshing native plugins compatible for Editor in 0.43 ms, found 3 plugins.
Preloading 0 native plugins for Editor in 0.00 ms.
Mono: successfully reloaded assembly
- Completed reload, in  0.881 seconds
Platform modules already initialized, skipping
Switching build target platform(19) subTarget(0) extendedPlatform(0) -> platform(9) subTarget(16777218) extendedPlatform(0)
Refreshing native plugins compatible for Editor in 0.42 ms, found 3 plugins.
Preloading 0 native plugins for Editor in 0.00 ms.
Unloading 2088 Unused Serialized files (Serialized files now loaded: 0)
System memory in use before: 96.4 MB.
System memory in use after: 96.3 MB.

Unloading 21 unused Assets to reduce memory usage. Loaded Objects now: 2624.
Total: 2.091700 ms (FindLiveObjects: 0.200200 ms CreateObjectMapping: 0.044300 ms MarkObjects: 1.741300 ms  DeleteObjects: 0.105300 ms)

AssetImportParameters requested are different than current active one (requested -> active):
  custom:framework-win-MediaFoundation: 216162199b28c13a410421893ffa2e32 -> 
  custom:video-decoder-ogg-theora: a1e56fd34408186e4bbccfd4996cb3dc -> 
  custom:container-muxer-webm: aa71ff27fc2769a1b78a27578f13a17b -> 
  custom:container-demuxer-webm: 4f35f7cbe854078d1ac9338744f61a02 -> 
  custom:container-demuxer-ogg: 62fdf1f143b41e24485cea50d1cbac27 -> 
  custom:video-encoder-webm-vp8: eb34c28f22e8b96e1ab97ce403110664 -> 
  custom:video-codec-MediaFoundation-h265: 746d11721c4dcdbdad8f713fa42b33f4 -> 
  custom:video-decoder-webm-vp8: 9c59270c3fd7afecdb556c50c9e8de78 -> 
  custom:graphics/normal-map-encoding: 01000000000000000000000000000000 -> 02000000000000000000000000000000
  custom:audio-decoder-ogg-vorbis: bf7c407c2cedff20999df2af8eb42d56 -> 
  custom:audio-encoder-webm-vorbis: bf7c407c2cedff20999df2af8eb42d56 -> 
========================================================================
Received Import Request.
  Time since last request: 670.214605 seconds.
  path: Assets/UIController.cs
  artifactKey: Guid(7391355e5ffe973408f62412ff6a0495) Importer(815301076,1909f56bfc062723c751e8b465ee728b)
Start importing Assets/UIController.cs using Guid(7391355e5ffe973408f62412ff6a0495) Importer(815301076,1909f56bfc062723c751e8b465ee728b)  -> (artifact id: 'c704e61b7419629b064d4fe63f102ae5') in 0.003895 seconds 
  Import took 0.006755 seconds .

========================================================================
Received Import Request.
  Time since last request: 0.006935 seconds.
  path: Assets/UIController.cs
  artifactKey: Guid(7391355e5ffe973408f62412ff6a0495) Importer(815301076,1909f56bfc062723c751e8b465ee728b)
Start importing Assets/UIController.cs using Guid(7391355e5ffe973408f62412ff6a0495) Importer(815301076,1909f56bfc062723c751e8b465ee728b)  -> (artifact id: 'c704e61b7419629b064d4fe63f102ae5') in 0.001965 seconds 
  Import took 0.004358 seconds .

========================================================================
Received Prepare
Registering precompiled user dll's ...
Registered in 0.002080 seconds.
Begin MonoManager ReloadAssembly
Native extension for WindowsStandalone target not found
Native extension for WebGL target not found
Refreshing native plugins compatible for Editor in 0.45 ms, found 3 plugins.
Preloading 0 native plugins for Editor in 0.00 ms.
Mono: successfully reloaded assembly
- Completed reload, in  0.941 seconds
Platform modules already initialized, skipping
Switching build target platform(19) subTarget(0) extendedPlatform(0) -> platform(9) subTarget(16777218) extendedPlatform(0)
Refreshing native plugins compatible for Editor in 0.45 ms, found 3 plugins.
Preloading 0 native plugins for Editor in 0.00 ms.
Unloading 2088 Unused Serialized files (Serialized files now loaded: 0)
System memory in use before: 96.4 MB.
System memory in use after: 96.4 MB.

Unloading 21 unused Assets to reduce memory usage. Loaded Objects now: 2628.
Total: 2.204200 ms (FindLiveObjects: 0.202300 ms CreateObjectMapping: 0.044900 ms MarkObjects: 1.808000 ms  DeleteObjects: 0.147700 ms)

AssetImportParameters requested are different than current active one (requested -> active):
  custom:framework-win-MediaFoundation: 216162199b28c13a410421893ffa2e32 -> 
  custom:video-decoder-ogg-theora: a1e56fd34408186e4bbccfd4996cb3dc -> 
  custom:container-muxer-webm: aa71ff27fc2769a1b78a27578f13a17b -> 
  custom:container-demuxer-webm: 4f35f7cbe854078d1ac9338744f61a02 -> 
  custom:container-demuxer-ogg: 62fdf1f143b41e24485cea50d1cbac27 -> 
  custom:video-encoder-webm-vp8: eb34c28f22e8b96e1ab97ce403110664 -> 
  custom:video-codec-MediaFoundation-h265: 746d11721c4dcdbdad8f713fa42b33f4 -> 
  custom:video-decoder-webm-vp8: 9c59270c3fd7afecdb556c50c9e8de78 -> 
  custom:graphics/normal-map-encoding: 01000000000000000000000000000000 -> 02000000000000000000000000000000
  custom:audio-decoder-ogg-vorbis: bf7c407c2cedff20999df2af8eb42d56 -> 
  custom:audio-encoder-webm-vorbis: bf7c407c2cedff20999df2af8eb42d56 -> 
========================================================================
Received Prepare
Registering precompiled user dll's ...
Registered in 0.002453 seconds.
Begin MonoManager ReloadAssembly
Native extension for WindowsStandalone target not found
Native extension for WebGL target not found
Refreshing native plugins compatible for Editor in 0.45 ms, found 3 plugins.
Preloading 0 native plugins for Editor in 0.00 ms.
Mono: successfully reloaded assembly
- Completed reload, in  0.900 seconds
Platform modules already initialized, skipping
Switching build target platform(19) subTarget(0) extendedPlatform(0) -> platform(9) subTarget(16777218) extendedPlatform(0)
Refreshing native plugins compatible for Editor in 0.42 ms, found 3 plugins.
Preloading 0 native plugins for Editor in 0.00 ms.
Unloading 2088 Unused Serialized files (Serialized files now loaded: 0)
System memory in use before: 96.4 MB.
System memory in use after: 96.4 MB.

Unloading 21 unused Assets to reduce memory usage. Loaded Objects now: 2632.
Total: 2.210700 ms (FindLiveObjects: 0.248200 ms CreateObjectMapping: 0.047000 ms MarkObjects: 1.795800 ms  DeleteObjects: 0.118700 ms)

AssetImportParameters requested are different than current active one (requested -> active):
  custom:framework-win-MediaFoundation: 216162199b28c13a410421893ffa2e32 -> 
  custom:video-decoder-ogg-theora: a1e56fd34408186e4bbccfd4996cb3dc -> 
  custom:container-muxer-webm: aa71ff27fc2769a1b78a27578f13a17b -> 
  custom:container-demuxer-webm: 4f35f7cbe854078d1ac9338744f61a02 -> 
  custom:container-demuxer-ogg: 62fdf1f143b41e24485cea50d1cbac27 -> 
  custom:video-encoder-webm-vp8: eb34c28f22e8b96e1ab97ce403110664 -> 
  custom:video-codec-MediaFoundation-h265: 746d11721c4dcdbdad8f713fa42b33f4 -> 
  custom:video-decoder-webm-vp8: 9c59270c3fd7afecdb556c50c9e8de78 -> 
  custom:graphics/normal-map-encoding: 01000000000000000000000000000000 -> 02000000000000000000000000000000
  custom:audio-decoder-ogg-vorbis: bf7c407c2cedff20999df2af8eb42d56 -> 
  custom:audio-encoder-webm-vorbis: bf7c407c2cedff20999df2af8eb42d56 -> 
========================================================================
Received Import Request.
  Time since last request: 444.056870 seconds.
  path: Assets/UnityChanController.cs
  artifactKey: Guid(8656ceb4a9bb5a6408d01c6366573cb8) Importer(815301076,1909f56bfc062723c751e8b465ee728b)
Start importing Assets/UnityChanController.cs using Guid(8656ceb4a9bb5a6408d01c6366573cb8) Importer(815301076,1909f56bfc062723c751e8b465ee728b)  -> (artifact id: '88e5aaab019249a8f812e59f2f64e0e4') in 0.003878 seconds 
  Import took 0.006762 seconds .

========================================================================
Received Import Request.
  Time since last request: 0.030160 seconds.
  path: Assets/UnityChanController.cs
  artifactKey: Guid(8656ceb4a9bb5a6408d01c6366573cb8) Importer(815301076,1909f56bfc062723c751e8b465ee728b)
Start importing Assets/UnityChanController.cs using Guid(8656ceb4a9bb5a6408d01c6366573cb8) Importer(815301076,1909f56bfc062723c751e8b465ee728b)  -> (artifact id: '88e5aaab019249a8f812e59f2f64e0e4') in 0.001529 seconds 
  Import took 0.004301 seconds .

========================================================================
Received Prepare
Registering precompiled user dll's ...
Registered in 0.002191 seconds.
Begin MonoManager ReloadAssembly
Native extension for WindowsStandalone target not found
Native extension for WebGL target not found
Refreshing native plugins compatible for Editor in 0.45 ms, found 3 plugins.
Preloading 0 native plugins for Editor in 0.00 ms.
Mono: successfully reloaded assembly
- Completed reload, in  0.896 seconds
Platform modules already initialized, skipping
Switching build target platform(19) subTarget(0) extendedPlatform(0) -> platform(9) subTarget(16777218) extendedPlatform(0)
Refreshing native plugins compatible for Editor in 0.40 ms, found 3 plugins.
Preloading 0 native plugins for Editor in 0.00 ms.
Unloading 2088 Unused Serialized files (Serialized files now loaded: 0)
System memory in use before: 96.4 MB.
System memory in use after: 96.4 MB.

Unloading 21 unused Assets to reduce memory usage. Loaded Objects now: 2636.
Total: 2.270600 ms (FindLiveObjects: 0.192300 ms CreateObjectMapping: 0.046300 ms MarkObjects: 1.922600 ms  DeleteObjects: 0.108300 ms)

AssetImportParameters requested are different than current active one (requested -> active):
  custom:framework-win-MediaFoundation: 216162199b28c13a410421893ffa2e32 -> 
  custom:video-decoder-ogg-theora: a1e56fd34408186e4bbccfd4996cb3dc -> 
  custom:container-muxer-webm: aa71ff27fc2769a1b78a27578f13a17b -> 
  custom:container-demuxer-webm: 4f35f7cbe854078d1ac9338744f61a02 -> 
  custom:container-demuxer-ogg: 62fdf1f143b41e24485cea50d1cbac27 -> 
  custom:video-encoder-webm-vp8: eb34c28f22e8b96e1ab97ce403110664 -> 
  custom:video-codec-MediaFoundation-h265: 746d11721c4dcdbdad8f713fa42b33f4 -> 
  custom:video-decoder-webm-vp8: 9c59270c3fd7afecdb556c50c9e8de78 -> 
  custom:graphics/normal-map-encoding: 01000000000000000000000000000000 -> 02000000000000000000000000000000
  custom:audio-decoder-ogg-vorbis: bf7c407c2cedff20999df2af8eb42d56 -> 
  custom:audio-encoder-webm-vorbis: bf7c407c2cedff20999df2af8eb42d56 -> 
========================================================================
Received Prepare
Registering precompiled user dll's ...
Registered in 0.002128 seconds.
Begin MonoManager ReloadAssembly
Native extension for WindowsStandalone target not found
Native extension for WebGL target not found
Refreshing native plugins compatible for Editor in 0.43 ms, found 3 plugins.
Preloading 0 native plugins for Editor in 0.00 ms.
Mono: successfully reloaded assembly
- Completed reload, in  0.902 seconds
Platform modules already initialized, skipping
Switching build target platform(19) subTarget(0) extendedPlatform(0) -> platform(9) subTarget(16777218) extendedPlatform(0)
Refreshing native plugins compatible for Editor in 0.41 ms, found 3 plugins.
Preloading 0 native plugins for Editor in 0.00 ms.
Unloading 2088 Unused Serialized files (Serialized files now loaded: 0)
System memory in use before: 96.4 MB.
System memory in use after: 96.4 MB.

Unloading 21 unused Assets to reduce memory usage. Loaded Objects now: 2640.
Total: 2.112500 ms (FindLiveObjects: 0.196400 ms CreateObjectMapping: 0.044800 ms MarkObjects: 1.767200 ms  DeleteObjects: 0.102900 ms)

AssetImportParameters requested are different than current active one (requested -> active):
  custom:framework-win-MediaFoundation: 216162199b28c13a410421893ffa2e32 -> 
  custom:video-decoder-ogg-theora: a1e56fd34408186e4bbccfd4996cb3dc -> 
  custom:container-muxer-webm: aa71ff27fc2769a1b78a27578f13a17b -> 
  custom:container-demuxer-webm: 4f35f7cbe854078d1ac9338744f61a02 -> 
  custom:container-demuxer-ogg: 62fdf1f143b41e24485cea50d1cbac27 -> 
  custom:video-encoder-webm-vp8: eb34c28f22e8b96e1ab97ce403110664 -> 
  custom:video-codec-MediaFoundation-h265: 746d11721c4dcdbdad8f713fa42b33f4 -> 
  custom:video-decoder-webm-vp8: 9c59270c3fd7afecdb556c50c9e8de78 -> 
  custom:graphics/normal-map-encoding: 01000000000000000000000000000000 -> 02000000000000000000000000000000
  custom:audio-decoder-ogg-vorbis: bf7c407c2cedff20999df2af8eb42d56 -> 
  custom:audio-encoder-webm-vorbis: bf7c407c2cedff20999df2af8eb42d56 -> 
========================================================================
Received Prepare
Registering precompiled user dll's ...
Registered in 0.002609 seconds.
Begin MonoManager ReloadAssembly
Native extension for WindowsStandalone target not found
Native extension for WebGL target not found
Refreshing native plugins compatible for Editor in 0.53 ms, found 3 plugins.
Preloading 0 native plugins for Editor in 0.00 ms.
Mono: successfully reloaded assembly
- Completed reload, in  0.919 seconds
Platform modules already initialized, skipping
Switching build target platform(19) subTarget(0) extendedPlatform(0) -> platform(9) subTarget(16777218) extendedPlatform(0)
Refreshing native plugins compatible for Editor in 0.42 ms, found 3 plugins.
Preloading 0 native plugins for Editor in 0.00 ms.
Unloading 2088 Unused Serialized files (Serialized files now loaded: 0)
System memory in use before: 96.4 MB.
System memory in use after: 96.4 MB.

Unloading 21 unused Assets to reduce memory usage. Loaded Objects now: 2644.
Total: 2.068600 ms (FindLiveObjects: 0.201700 ms CreateObjectMapping: 0.053300 ms MarkObjects: 1.709200 ms  DeleteObjects: 0.103700 ms)

AssetImportParameters requested are different than current active one (requested -> active):
  custom:framework-win-MediaFoundation: 216162199b28c13a410421893ffa2e32 -> 
  custom:video-decoder-ogg-theora: a1e56fd34408186e4bbccfd4996cb3dc -> 
  custom:container-muxer-webm: aa71ff27fc2769a1b78a27578f13a17b -> 
  custom:container-demuxer-webm: 4f35f7cbe854078d1ac9338744f61a02 -> 
  custom:container-demuxer-ogg: 62fdf1f143b41e24485cea50d1cbac27 -> 
  custom:video-encoder-webm-vp8: eb34c28f22e8b96e1ab97ce403110664 -> 
  custom:video-codec-MediaFoundation-h265: 746d11721c4dcdbdad8f713fa42b33f4 -> 
  custom:video-decoder-webm-vp8: 9c59270c3fd7afecdb556c50c9e8de78 -> 
  custom:graphics/normal-map-encoding: 01000000000000000000000000000000 -> 02000000000000000000000000000000
  custom:audio-decoder-ogg-vorbis: bf7c407c2cedff20999df2af8eb42d56 -> 
  custom:audio-encoder-webm-vorbis: bf7c407c2cedff20999df2af8eb42d56 -> 
========================================================================
Received Prepare
Registering precompiled user dll's ...
Registered in 0.002429 seconds.
Begin MonoManager ReloadAssembly
Native extension for WindowsStandalone target not found
Native extension for WebGL target not found
Refreshing native plugins compatible for Editor in 0.45 ms, found 3 plugins.
Preloading 0 native plugins for Editor in 0.00 ms.
Mono: successfully reloaded assembly
- Completed reload, in  0.896 seconds
Platform modules already initialized, skipping
Switching build target platform(19) subTarget(0) extendedPlatform(0) -> platform(9) subTarget(16777218) extendedPlatform(0)
Refreshing native plugins compatible for Editor in 0.44 ms, found 3 plugins.
Preloading 0 native plugins for Editor in 0.00 ms.
Unloading 2088 Unused Serialized files (Serialized files now loaded: 0)
System memory in use before: 96.4 MB.
System memory in use after: 96.4 MB.

Unloading 21 unused Assets to reduce memory usage. Loaded Objects now: 2648.
Total: 2.047200 ms (FindLiveObjects: 0.196700 ms CreateObjectMapping: 0.044100 ms MarkObjects: 1.702400 ms  DeleteObjects: 0.103200 ms)

AssetImportParameters requested are different than current active one (requested -> active):
  custom:framework-win-MediaFoundation: 216162199b28c13a410421893ffa2e32 -> 
  custom:video-decoder-ogg-theora: a1e56fd34408186e4bbccfd4996cb3dc -> 
  custom:container-muxer-webm: aa71ff27fc2769a1b78a27578f13a17b -> 
  custom:container-demuxer-webm: 4f35f7cbe854078d1ac9338744f61a02 -> 
  custom:container-demuxer-ogg: 62fdf1f143b41e24485cea50d1cbac27 -> 
  custom:video-encoder-webm-vp8: eb34c28f22e8b96e1ab97ce403110664 -> 
  custom:video-codec-MediaFoundation-h265: 746d11721c4dcdbdad8f713fa42b33f4 -> 
  custom:video-decoder-webm-vp8: 9c59270c3fd7afecdb556c50c9e8de78 -> 
  custom:graphics/normal-map-encoding: 01000000000000000000000000000000 -> 02000000000000000000000000000000
  custom:audio-decoder-ogg-vorbis: bf7c407c2cedff20999df2af8eb42d56 -> 
  custom:audio-encoder-webm-vorbis: bf7c407c2cedff20999df2af8eb42d56 -> 
========================================================================
Received Prepare
Registering precompiled user dll's ...
Registered in 0.002123 seconds.
Begin MonoManager ReloadAssembly
Native extension for WindowsStandalone target not found
Native extension for WebGL target not found
Refreshing native plugins compatible for Editor in 0.43 ms, found 3 plugins.
Preloading 0 native plugins for Editor in 0.00 ms.
Mono: successfully reloaded assembly
- Completed reload, in  0.924 seconds
Platform modules already initialized, skipping
Switching build target platform(19) subTarget(0) extendedPlatform(0) -> platform(9) subTarget(16777218) extendedPlatform(0)
Refreshing native plugins compatible for Editor in 0.38 ms, found 3 plugins.
Preloading 0 native plugins for Editor in 0.00 ms.
Unloading 2088 Unused Serialized files (Serialized files now loaded: 0)
System memory in use before: 96.4 MB.
System memory in use after: 96.4 MB.

Unloading 21 unused Assets to reduce memory usage. Loaded Objects now: 2652.
Total: 2.117700 ms (FindLiveObjects: 0.212600 ms CreateObjectMapping: 0.048500 ms MarkObjects: 1.742100 ms  DeleteObjects: 0.113600 ms)

AssetImportParameters requested are different than current active one (requested -> active):
  custom:framework-win-MediaFoundation: 216162199b28c13a410421893ffa2e32 -> 
  custom:video-decoder-ogg-theora: a1e56fd34408186e4bbccfd4996cb3dc -> 
  custom:container-muxer-webm: aa71ff27fc2769a1b78a27578f13a17b -> 
  custom:container-demuxer-webm: 4f35f7cbe854078d1ac9338744f61a02 -> 
  custom:container-demuxer-ogg: 62fdf1f143b41e24485cea50d1cbac27 -> 
  custom:video-encoder-webm-vp8: eb34c28f22e8b96e1ab97ce403110664 -> 
  custom:video-codec-MediaFoundation-h265: 746d11721c4dcdbdad8f713fa42b33f4 -> 
  custom:video-decoder-webm-vp8: 9c59270c3fd7afecdb556c50c9e8de78 -> 
  custom:graphics/normal-map-encoding: 01000000000000000000000000000000 -> 02000000000000000000000000000000
  custom:audio-decoder-ogg-vorbis: bf7c407c2cedff20999df2af8eb42d56 -> 
  custom:audio-encoder-webm-vorbis: bf7c407c2cedff20999df2af8eb42d56 -> 
========================================================================
Received Import Request.
  Time since last request: 707.967333 seconds.
  path: Assets/UnityChanController.cs
  artifactKey: Guid(8656ceb4a9bb5a6408d01c6366573cb8) Importer(815301076,1909f56bfc062723c751e8b465ee728b)
Start importing Assets/UnityChanController.cs using Guid(8656ceb4a9bb5a6408d01c6366573cb8) Importer(815301076,1909f56bfc062723c751e8b465ee728b)  -> (artifact id: 'ace04e26463571a36ba8fd853e94fc92') in 0.003895 seconds 
  Import took 0.019705 seconds .

========================================================================
Received Import Request.
  Time since last request: 0.018136 seconds.
  path: Assets/UnityChanController.cs
  artifactKey: Guid(8656ceb4a9bb5a6408d01c6366573cb8) Importer(815301076,1909f56bfc062723c751e8b465ee728b)
Start importing Assets/UnityChanController.cs using Guid(8656ceb4a9bb5a6408d01c6366573cb8) Importer(815301076,1909f56bfc062723c751e8b465ee728b)  -> (artifact id: 'ace04e26463571a36ba8fd853e94fc92') in 0.001469 seconds 
  Import took 0.003698 seconds .

========================================================================
Received Prepare
Registering precompiled user dll's ...
Registered in 0.002104 seconds.
Begin MonoManager ReloadAssembly
Native extension for WindowsStandalone target not found
Native extension for WebGL target not found
Refreshing native plugins compatible for Editor in 0.43 ms, found 3 plugins.
Preloading 0 native plugins for Editor in 0.00 ms.
Mono: successfully reloaded assembly
- Completed reload, in  0.944 seconds
Platform modules already initialized, skipping
Switching build target platform(19) subTarget(0) extendedPlatform(0) -> platform(9) subTarget(16777218) extendedPlatform(0)
Refreshing native plugins compatible for Editor in 0.39 ms, found 3 plugins.
Preloading 0 native plugins for Editor in 0.00 ms.
Unloading 2088 Unused Serialized files (Serialized files now loaded: 0)
System memory in use before: 96.4 MB.
System memory in use after: 96.4 MB.

Unloading 21 unused Assets to reduce memory usage. Loaded Objects now: 2656.
Total: 2.008600 ms (FindLiveObjects: 0.215900 ms CreateObjectMapping: 0.046600 ms MarkObjects: 1.648400 ms  DeleteObjects: 0.096900 ms)

AssetImportParameters requested are different than current active one (requested -> active):
  custom:framework-win-MediaFoundation: 216162199b28c13a410421893ffa2e32 -> 
  custom:video-decoder-ogg-theora: a1e56fd34408186e4bbccfd4996cb3dc -> 
  custom:container-muxer-webm: aa71ff27fc2769a1b78a27578f13a17b -> 
  custom:container-demuxer-webm: 4f35f7cbe854078d1ac9338744f61a02 -> 
  custom:container-demuxer-ogg: 62fdf1f143b41e24485cea50d1cbac27 -> 
  custom:video-encoder-webm-vp8: eb34c28f22e8b96e1ab97ce403110664 -> 
  custom:video-codec-MediaFoundation-h265: 746d11721c4dcdbdad8f713fa42b33f4 -> 
  custom:video-decoder-webm-vp8: 9c59270c3fd7afecdb556c50c9e8de78 -> 
  custom:graphics/normal-map-encoding: 01000000000000000000000000000000 -> 02000000000000000000000000000000
  custom:audio-decoder-ogg-vorbis: bf7c407c2cedff20999df2af8eb42d56 -> 
  custom:audio-encoder-webm-vorbis: bf7c407c2cedff20999df2af8eb42d56 -> 
AssetImportWorkerClient::OnTransportError - code=2 error=End of file
